Exporter version: 6.4.5, Blender version: 2.91.0
========= Conversion from Blender to Babylon.js =========
	Scene settings used :
		Inline textures     :  false
		Material Type       :  PBR
		Positions Precision :  4
		Normals Precision   :  3
		UVs Precision       :  3
		Vert Color Precision:  3
		Mat Weight Precision:  2
		Keep Z-up r-handed  :  no
		Texture directory   :  C:\Users\DungyBug\Desktop\Projects\Ultra3\NoN-Eucledian\Models\Weapons\
	Python World class constructor completed
	WARNING: No active camera has been assigned, or is not in a currently selected Blender layer
	processing begun of mesh:  Plane
		processing begun of material:  Glossy
		num positions      :  2487
		num normals        :  2487
		num tangents       :  0
		num uvs            :  4974
		num uvs2           :  0
		num colors         :  0
		num triangles      :  1042
========= Writing of JSON file started =========
	writing mesh:  Plane
========= Writing of JSON file completed =========
========= end of processing =========
elapsed time:  0 min, 0.078 secs
